Determining if the pthread_create exist failed with the following output:
Change Dir: /home/aditya/catkin_ws/src/build-Quad-Vision-GUI-Desktop-Default/CMakeFiles/CMakeTmp

Run Build Command:/usr/bin/make "cmTryCompileExec3843816535/fast"
/usr/bin/make -f CMakeFiles/cmTryCompileExec3843816535.dir/build.make CMakeFiles/cmTryCompileExec3843816535.dir/build
make[1]: Entering directory `/home/aditya/catkin_ws/src/build-Quad-Vision-GUI-Desktop-Default/CMakeFiles/CMakeTmp'
/usr/bin/cmake -E cmake_progress_report /home/aditya/catkin_ws/src/build-Quad-Vision-GUI-Desktop-Default/CMakeFiles/CMakeTmp/CMakeFiles 1
Building C object CMakeFiles/cmTryCompileExec3843816535.dir/CheckSymbolExists.c.o
/usr/bin/cc    -o CMakeFiles/cmTryCompileExec3843816535.dir/CheckSymbolExists.c.o   -c /home/aditya/catkin_ws/src/build-Quad-Vision-GUI-Desktop-Default/CMakeFiles/CMakeTmp/CheckSymbolExists.c
Linking C executable cmTryCompileExec3843816535
/usr/bin/cmake -E cmake_link_script CMakeFiles/cmTryCompileExec3843816535.dir/link.txt --verbose=1
/usr/bin/cc       CMakeFiles/cmTryCompileExec3843816535.dir/CheckSymbolExists.c.o  -o cmTryCompileExec3843816535 -rdynamic 
CMakeFiles/cmTryCompileExec3843816535.dir/CheckSymbolExists.c.o: In function `main':
CheckSymbolExists.c:(.text+0x16): undefined reference to `pthread_create'
collect2: error: ld returned 1 exit status
make[1]: *** [cmTryCompileExec3843816535] Error 1
make[1]: Leaving directory `/home/aditya/catkin_ws/src/build-Quad-Vision-GUI-Desktop-Default/CMakeFiles/CMakeTmp'
make: *** [cmTryCompileExec3843816535/fast] Error 2

File /home/aditya/catkin_ws/src/build-Quad-Vision-GUI-Desktop-Default/CMakeFiles/CMakeTmp/CheckSymbolExists.c:
/* */
#include <pthread.h>

int main(int argc, char** argv)
{
  (void)argv;
#ifndef pthread_create
  return ((int*)(&pthread_create))[argc];
#else
  (void)argc;
  return 0;
#endif
}

Determining if the function pthread_create exists in the pthreads failed with the following output:
Change Dir: /home/aditya/catkin_ws/src/build-Quad-Vision-GUI-Desktop-Default/CMakeFiles/CMakeTmp

Run Build Command:/usr/bin/make "cmTryCompileExec1955094529/fast"
/usr/bin/make -f CMakeFiles/cmTryCompileExec1955094529.dir/build.make CMakeFiles/cmTryCompileExec1955094529.dir/build
make[1]: Entering directory `/home/aditya/catkin_ws/src/build-Quad-Vision-GUI-Desktop-Default/CMakeFiles/CMakeTmp'
/usr/bin/cmake -E cmake_progress_report /home/aditya/catkin_ws/src/build-Quad-Vision-GUI-Desktop-Default/CMakeFiles/CMakeTmp/CMakeFiles 1
Building C object CMakeFiles/cmTryCompileExec1955094529.dir/CheckFunctionExists.c.o
/usr/bin/cc   -DCHECK_FUNCTION_EXISTS=pthread_create   -o CMakeFiles/cmTryCompileExec1955094529.dir/CheckFunctionExists.c.o   -c /usr/share/cmake-2.8/Modules/CheckFunctionExists.c
Linking C executable cmTryCompileExec1955094529
/usr/bin/cmake -E cmake_link_script CMakeFiles/cmTryCompileExec1955094529.dir/link.txt --verbose=1
/usr/bin/cc   -DCHECK_FUNCTION_EXISTS=pthread_create    CMakeFiles/cmTryCompileExec1955094529.dir/CheckFunctionExists.c.o  -o cmTryCompileExec1955094529 -rdynamic -lpthreads 
/usr/bin/ld: cannot find -lpthreads
collect2: error: ld returned 1 exit status
make[1]: *** [cmTryCompileExec1955094529] Error 1
make[1]: Leaving directory `/home/aditya/catkin_ws/src/build-Quad-Vision-GUI-Desktop-Default/CMakeFiles/CMakeTmp'
make: *** [cmTryCompileExec1955094529/fast] Error 2


Determining if the Q_WS_WIN exist failed with the following output:
Change Dir: /home/aditya/catkin_ws/src/build-Quad-Vision-GUI-Desktop-Default/CMakeFiles/CMakeTmp

Run Build Command:/usr/bin/make "cmTryCompileExec2935321601/fast"
/usr/bin/make -f CMakeFiles/cmTryCompileExec2935321601.dir/build.make CMakeFiles/cmTryCompileExec2935321601.dir/build
make[1]: Entering directory `/home/aditya/catkin_ws/src/build-Quad-Vision-GUI-Desktop-Default/CMakeFiles/CMakeTmp'
/usr/bin/cmake -E cmake_progress_report /home/aditya/catkin_ws/src/build-Quad-Vision-GUI-Desktop-Default/CMakeFiles/CMakeTmp/CMakeFiles 1
Building CXX object CMakeFiles/cmTryCompileExec2935321601.dir/CheckSymbolExists.cxx.o
/usr/bin/c++    -I/usr/include/qt4    -o CMakeFiles/cmTryCompileExec2935321601.dir/CheckSymbolExists.cxx.o -c /home/aditya/catkin_ws/src/build-Quad-Vision-GUI-Desktop-Default/CMakeFiles/CMakeTmp/CheckSymbolExists.cxx
/home/aditya/catkin_ws/src/build-Quad-Vision-GUI-Desktop-Default/CMakeFiles/CMakeTmp/CheckSymbolExists.cxx: In function ‘int main(int, char**)’:
/home/aditya/catkin_ws/src/build-Quad-Vision-GUI-Desktop-Default/CMakeFiles/CMakeTmp/CheckSymbolExists.cxx:8:19: error: ‘Q_WS_WIN’ was not declared in this scope
   return ((int*)(&Q_WS_WIN))[argc];
                   ^
make[1]: *** [CMakeFiles/cmTryCompileExec2935321601.dir/CheckSymbolExists.cxx.o] Error 1
make[1]: Leaving directory `/home/aditya/catkin_ws/src/build-Quad-Vision-GUI-Desktop-Default/CMakeFiles/CMakeTmp'
make: *** [cmTryCompileExec2935321601/fast] Error 2

File /home/aditya/catkin_ws/src/build-Quad-Vision-GUI-Desktop-Default/CMakeFiles/CMakeTmp/CheckSymbolExists.cxx:
/* */
#include <QtCore/qglobal.h>

int main(int argc, char** argv)
{
  (void)argv;
#ifndef Q_WS_WIN
  return ((int*)(&Q_WS_WIN))[argc];
#else
  (void)argc;
  return 0;
#endif
}

Determining if the Q_WS_QWS exist failed with the following output:
Change Dir: /home/aditya/catkin_ws/src/build-Quad-Vision-GUI-Desktop-Default/CMakeFiles/CMakeTmp

Run Build Command:/usr/bin/make "cmTryCompileExec2651421968/fast"
/usr/bin/make -f CMakeFiles/cmTryCompileExec2651421968.dir/build.make CMakeFiles/cmTryCompileExec2651421968.dir/build
make[1]: Entering directory `/home/aditya/catkin_ws/src/build-Quad-Vision-GUI-Desktop-Default/CMakeFiles/CMakeTmp'
/usr/bin/cmake -E cmake_progress_report /home/aditya/catkin_ws/src/build-Quad-Vision-GUI-Desktop-Default/CMakeFiles/CMakeTmp/CMakeFiles 1
Building CXX object CMakeFiles/cmTryCompileExec2651421968.dir/CheckSymbolExists.cxx.o
/usr/bin/c++    -I/usr/include/qt4    -o CMakeFiles/cmTryCompileExec2651421968.dir/CheckSymbolExists.cxx.o -c /home/aditya/catkin_ws/src/build-Quad-Vision-GUI-Desktop-Default/CMakeFiles/CMakeTmp/CheckSymbolExists.cxx
/home/aditya/catkin_ws/src/build-Quad-Vision-GUI-Desktop-Default/CMakeFiles/CMakeTmp/CheckSymbolExists.cxx: In function ‘int main(int, char**)’:
/home/aditya/catkin_ws/src/build-Quad-Vision-GUI-Desktop-Default/CMakeFiles/CMakeTmp/CheckSymbolExists.cxx:8:19: error: ‘Q_WS_QWS’ was not declared in this scope
   return ((int*)(&Q_WS_QWS))[argc];
                   ^
make[1]: *** [CMakeFiles/cmTryCompileExec2651421968.dir/CheckSymbolExists.cxx.o] Error 1
make[1]: Leaving directory `/home/aditya/catkin_ws/src/build-Quad-Vision-GUI-Desktop-Default/CMakeFiles/CMakeTmp'
make: *** [cmTryCompileExec2651421968/fast] Error 2

File /home/aditya/catkin_ws/src/build-Quad-Vision-GUI-Desktop-Default/CMakeFiles/CMakeTmp/CheckSymbolExists.cxx:
/* */
#include <QtCore/qglobal.h>

int main(int argc, char** argv)
{
  (void)argv;
#ifndef Q_WS_QWS
  return ((int*)(&Q_WS_QWS))[argc];
#else
  (void)argc;
  return 0;
#endif
}

Determining if the Q_WS_MAC exist failed with the following output:
Change Dir: /home/aditya/catkin_ws/src/build-Quad-Vision-GUI-Desktop-Default/CMakeFiles/CMakeTmp

Run Build Command:/usr/bin/make "cmTryCompileExec2414766552/fast"
/usr/bin/make -f CMakeFiles/cmTryCompileExec2414766552.dir/build.make CMakeFiles/cmTryCompileExec2414766552.dir/build
make[1]: Entering directory `/home/aditya/catkin_ws/src/build-Quad-Vision-GUI-Desktop-Default/CMakeFiles/CMakeTmp'
/usr/bin/cmake -E cmake_progress_report /home/aditya/catkin_ws/src/build-Quad-Vision-GUI-Desktop-Default/CMakeFiles/CMakeTmp/CMakeFiles 1
Building CXX object CMakeFiles/cmTryCompileExec2414766552.dir/CheckSymbolExists.cxx.o
/usr/bin/c++    -I/usr/include/qt4    -o CMakeFiles/cmTryCompileExec2414766552.dir/CheckSymbolExists.cxx.o -c /home/aditya/catkin_ws/src/build-Quad-Vision-GUI-Desktop-Default/CMakeFiles/CMakeTmp/CheckSymbolExists.cxx
/home/aditya/catkin_ws/src/build-Quad-Vision-GUI-Desktop-Default/CMakeFiles/CMakeTmp/CheckSymbolExists.cxx: In function ‘int main(int, char**)’:
/home/aditya/catkin_ws/src/build-Quad-Vision-GUI-Desktop-Default/CMakeFiles/CMakeTmp/CheckSymbolExists.cxx:8:19: error: ‘Q_WS_MAC’ was not declared in this scope
   return ((int*)(&Q_WS_MAC))[argc];
                   ^
make[1]: *** [CMakeFiles/cmTryCompileExec2414766552.dir/CheckSymbolExists.cxx.o] Error 1
make[1]: Leaving directory `/home/aditya/catkin_ws/src/build-Quad-Vision-GUI-Desktop-Default/CMakeFiles/CMakeTmp'
make: *** [cmTryCompileExec2414766552/fast] Error 2

File /home/aditya/catkin_ws/src/build-Quad-Vision-GUI-Desktop-Default/CMakeFiles/CMakeTmp/CheckSymbolExists.cxx:
/* */
#include <QtCore/qglobal.h>

int main(int argc, char** argv)
{
  (void)argv;
#ifndef Q_WS_MAC
  return ((int*)(&Q_WS_MAC))[argc];
#else
  (void)argc;
  return 0;
#endif
}

